-------------------------------------------------------------------------------
Test set: za.co.eblocks.phonebook.persistance.ContactRepositoryTest
-------------------------------------------------------------------------------
Tests run: 6, Failures: 1, Errors: 0, Skipped: 0, Time elapsed: 18.73 s <<< FAILURE! - in za.co.eblocks.phonebook.persistance.ContactRepositoryTest
testFindById  Time elapsed: 0.07 s  <<< FAILURE!
org.opentest4j.AssertionFailedError: [Checking if number is as expected] ==> expected: <072678456> but was: <0725678456>
	at za.co.eblocks.phonebook.persistance.ContactRepositoryTest.testFindById(ContactRepositoryTest.java:45)

